[4.12|10:8]: PHT19920721201507100 | YUDHA VIRMA ALLASCA | [05:12, 17:08] | 487 |
[4.12|10:8]: PHT19780107200801100 | JOHAN ARI PITUTULU | [05:12, 17:08] | 308 |
[4.12|10:8]: PHT19750328200409100 | WARIMAN | [05:12, 17:08] | 308 |
[4.12|10:8]: PHT19900504201507100 | ARI SUPRIH BUDI KUNCORO | [05:12, 17:08] | 309 |
[4.12|10:8]: PHT19770214200801100 | PITHUT GUNAWAN | [05:12, 17:08] | 214 |
[4.12|10:8]: PHT19780401200801100 | EKO YUDISTIRO RONY ASHARI | [05:12, 17:08] | 211 |
[4.12|10:8]: PHT19960713201602100 | DJETLI MARISHANNO LITAAY | [05:12, 17:08] | 458 |
[4.12|10:8]: PHT19710725200807100 | HINU PULUNG MULIAWAN | [05:12, 17:08] | 459 |
[4.12|10:8]: PHT19840403201407100 | DULKAMIT | [05:12, 17:08] | 458 |
[4.12|10:8]: PHT19780325200807100 | MUKLISIN | [05:12, 17:08] | 758 |
[4.12|10:8]: PHT19720110199501100 | SUNARDI | [05:12, 17:08] | 758 |
[4.12|10:8]: PHT19730509200409100 | SUGENG RIYANTO | [05:12, 17:08] | 758 |
[4.12|10:8]: PHT19900511201507100 | AHMAD ZAINUDDIN | [05:12, 17:08] | 758 |
[4.12|10:8]: PHT19720519199704100 | IDA JATIYANA | [05:12, 17:08] | 758 |
[4.12|10:8]: PHT19700527201404200 | MARGARETHA RISTIANI M. | [05:12, 17:08] | 153 |
[4.12|10:8]: PHT19670521199604100 | SUSWANTO | [05:12, 17:08] | 190 |
[4.12|10:8]: PHT19760513201108100 | KOKOK WAHYONO | [05:12, 17:08] | 121 |
[4.12|10:8]: PHT19960826201602200 | SYELA RANSY TONAPA | [05:12, 17:08] | 770 |
[4.12|10:8]: PHT19760811200608100 | MAHFUT WAWAN PRASETYO | [05:12, 17:08] | 14 |
[4.12|10:8]: PHT19810414200608100 | KOKO ARDIANTO | [05:12, 17:08] | 213 |
[4.12|10:8]: PHT19770403200901100 | RASMADI | [05:12, 17:08] | 213 |
[4.12|10:8]: PHT19770110201108100 | SURADI | [05:12, 17:08] | 213 |
[4.12|10:8]: PHT19900808201407100 | HARIS BUDIARTO | [05:12, 17:08] | 833 |
[4.12|10:8]: PHT19930225201210100 | DENI SETIADI PRATAMA EKA PUTRA | [05:12, 17:08] | 833 |
